<?xml version="1.0" encoding="UTF-8"?>
<!-- Generated by org.testng.reporters.JUnitReportReporter -->
<testsuite skipped="0" hostname="DESKTOP-V0KV2GF" name="com.Test.LoginTest1" tests="1" failures="0" timestamp="13 Jul 2023 11:22:05 GMT" time="5.046" errors="0">
  <testcase name="test01" time="5.046" classname="com.Test.LoginTest1"/>
</testsuite> <!-- com.Test.LoginTest1 -->
